2024-12-29 19:42:06,435 - INFO - Using SQL Server driver: ODBC Driver 18 for SQL Server
2024-12-29 19:42:06,456 - INFO - Database 'PokerHands' initialized successfully
2024-12-29 19:42:06,459 - INFO - Database schema created successfully
2024-12-29 19:42:06,459 - INFO - Processing hand 1...
2024-12-29 19:42:06,461 - INFO - Hand 254087585611 inserted successfully.
2024-12-29 19:42:06,461 - INFO - Processing hand 2...
2024-12-29 19:42:06,461 - INFO - Hand 254087604281 inserted successfully.
2024-12-29 19:42:06,461 - INFO - Processing hand 3...
2024-12-29 19:42:06,462 - INFO - Hand 254087618903 inserted successfully.
2024-12-29 19:42:06,462 - INFO - Processing hand 4...
2024-12-29 19:42:06,462 - INFO - Hand 254087627039 inserted successfully.
2024-12-29 19:42:06,462 - INFO - Processing hand 5...
2024-12-29 19:42:06,463 - INFO - Hand 254087635127 inserted successfully.
2024-12-29 19:42:06,463 - INFO - Processing hand 6...
2024-12-29 19:42:06,463 - INFO - Hand 254087660313 inserted successfully.
2024-12-29 19:42:06,463 - INFO - Processing hand 7...
2024-12-29 19:42:06,464 - INFO - Hand 254087667195 inserted successfully.
2024-12-29 19:42:06,464 - INFO - Processing hand 8...
2024-12-29 19:42:06,464 - INFO - Hand 254087674272 inserted successfully.
2024-12-29 19:42:06,464 - INFO - Processing hand 9...
2024-12-29 19:42:06,465 - INFO - Hand 254087681163 inserted successfully.
2024-12-29 19:42:06,465 - INFO - Processing hand 10...
2024-12-29 19:42:06,465 - INFO - Hand 254087689694 inserted successfully.
2024-12-29 19:42:06,465 - INFO - Processing hand 11...
2024-12-29 19:42:06,465 - INFO - Hand 254087703954 inserted successfully.
2024-12-29 19:42:06,466 - INFO - Processing hand 12...
2024-12-29 19:42:06,466 - INFO - Hand 254087711741 inserted successfully.
2024-12-29 19:42:06,466 - INFO - Processing hand 13...
2024-12-29 19:42:06,466 - INFO - Hand 254087730356 inserted successfully.
2024-12-29 19:42:06,466 - INFO - Processing hand 14...
2024-12-29 19:42:06,467 - INFO - Hand 254087750200 inserted successfully.
2024-12-29 19:42:06,467 - INFO - Processing hand 15...
2024-12-29 19:42:06,467 - INFO - Hand 254087756384 inserted successfully.
2024-12-29 19:42:06,467 - INFO - Processing hand 16...
2024-12-29 19:42:06,468 - INFO - Hand 254087770856 inserted successfully.
2024-12-29 19:42:06,468 - INFO - Processing hand 17...
2024-12-29 19:42:06,468 - INFO - Hand 254087791702 inserted successfully.
2024-12-29 19:42:06,468 - INFO - Processing hand 18...
2024-12-29 19:42:06,468 - INFO - Hand 254087815146 inserted successfully.
2024-12-29 19:42:06,468 - INFO - Processing hand 19...
2024-12-29 19:42:06,469 - INFO - Hand 254087829224 inserted successfully.
2024-12-29 19:42:06,469 - INFO - Processing hand 20...
2024-12-29 19:42:06,469 - INFO - Hand 254087861647 inserted successfully.
2024-12-29 19:42:06,470 - INFO - Processing hand 21...
2024-12-29 19:42:06,470 - INFO - Hand 254087878833 inserted successfully.
2024-12-29 19:42:06,470 - INFO - Processing hand 22...
2024-12-29 19:42:06,470 - INFO - Hand 254087893416 inserted successfully.
2024-12-29 19:42:06,470 - INFO - Processing hand 23...
2024-12-29 19:42:06,471 - INFO - Hand 254087919274 inserted successfully.
2024-12-29 19:42:06,471 - INFO - Processing hand 24...
2024-12-29 19:42:06,471 - INFO - Hand 254087932410 inserted successfully.
2024-12-29 19:42:06,471 - INFO - Processing hand 25...
2024-12-29 19:42:06,472 - INFO - Hand 254087948337 inserted successfully.
2024-12-29 19:42:06,472 - INFO - Processing hand 26...
2024-12-29 19:42:06,472 - INFO - Hand 254087961349 inserted successfully.
2024-12-29 19:42:06,472 - INFO - Processing hand 27...
2024-12-29 19:42:06,473 - INFO - Hand 254087984861 inserted successfully.
2024-12-29 19:42:06,473 - INFO - Processing hand 28...
2024-12-29 19:42:06,473 - INFO - Hand 254088001948 inserted successfully.
2024-12-29 19:42:06,473 - INFO - Processing hand 29...
2024-12-29 19:42:06,473 - INFO - Hand 254088018586 inserted successfully.
2024-12-29 19:42:06,473 - INFO - Processing hand 30...
2024-12-29 19:42:06,474 - INFO - Hand 254088039212 inserted successfully.
2024-12-29 19:42:06,474 - INFO - Processing hand 31...
2024-12-29 19:42:06,474 - INFO - Hand 254088055370 inserted successfully.
2024-12-29 19:42:06,474 - INFO - Processing hand 32...
2024-12-29 19:42:06,475 - INFO - Hand 254087378531 inserted successfully.
2024-12-29 19:42:06,475 - INFO - Processing hand 33...
2024-12-29 19:42:06,475 - INFO - Hand 254087383955 inserted successfully.
2024-12-29 19:42:06,475 - INFO - Processing hand 34...
2024-12-29 19:42:06,476 - INFO - Hand 254087385193 inserted successfully.
2024-12-29 19:42:06,476 - INFO - Processing hand 35...
2024-12-29 19:42:06,476 - INFO - Hand 254087386741 inserted successfully.
2024-12-29 19:42:06,476 - INFO - Processing hand 36...
2024-12-29 19:42:06,476 - INFO - Hand 254087389250 inserted successfully.
2024-12-29 19:42:06,476 - INFO - Processing hand 37...
2024-12-29 19:42:06,477 - INFO - Hand 254087393285 inserted successfully.
2024-12-29 19:42:06,477 - INFO - Processing hand 38...
2024-12-29 19:42:06,477 - INFO - Hand 254087395663 inserted successfully.
2024-12-29 19:42:06,477 - INFO - Processing hand 39...
2024-12-29 19:42:06,478 - INFO - Hand 254087398253 inserted successfully.
2024-12-29 19:42:06,478 - INFO - Processing hand 40...
2024-12-29 19:42:06,478 - WARNING - Hand number not found, skipping hand.
